生成启动时间为 2016/5/9 23:41:49。
     1>项目“D:\My Projects\Calculator 3\Calculator 3\Calculator 3.vcxproj”在节点 2 上(build 个目标)。
     1>InitializeBuildStatus:
         正在创建“Debug\Calculator 3.unsuccessfulbuild”，因为已指定“AlwaysCreate”。
       ClCompile:
         F:\Program Files\VC\bin\CL.exe /c /ZI /nologo /W3 /WX- /Od /Oy- /D WIN32 /D _DEBUG /D _CONSOLE /D _UNICODE /D UNICODE /Gm /EHsc /RTC1 /MDd /GS /fp:precise /Zc:wchar_t /Zc:forScope /Fo"Debug\\" /Fd"Debug\vc100.pdb" /Gd /TP /analyze- /errorReport:prompt Print.cpp main.cpp
         main.cpp
         Print.cpp
         正在生成代码...
       Link:
         F:\Program Files\VC\bin\link.exe /ERRORREPORT:PROMPT /OUT:"D:\My Projects\Calculator 3\Debug\Calculator 3.exe" /INCREMENTAL /NOLOGO kernel32.lib user32.lib gdi32.lib winspool.lib comdlg32.lib advapi32.lib shell32.lib ole32.lib oleaut32.lib uuid.lib odbc32.lib odbccp32.lib /MANIFEST /ManifestFile:"Debug\Calculator 3.exe.intermediate.manifest" /MANIFESTUAC:"level='asInvoker' uiAccess='false'" /DEBUG /PDB:"D:\My Projects\Calculator 3\Debug\Calculator 3.pdb" /SUBSYSTEM:CONSOLE /TLBID:1 /DYNAMICBASE /NXCOMPAT /IMPLIB:"D:\My Projects\Calculator 3\Debug\Calculator 3.lib" /MACHINE:X86 Debug\Calculation.obj
         Debug\main.obj
         Debug\Print.obj
         Debug\Scan.obj
         Calculator 3.vcxproj -> D:\My Projects\Calculator 3\Debug\Calculator 3.exe
       Manifest:
         c:\Program Files\Microsoft SDKs\Windows\v7.0A\bin\mt.exe /nologo /verbose /out:"D:\My Projects\Calculator 3\Debug\Calculator 3.exe.manifest" /manifest "Debug\Calculator 3.exe.intermediate.manifest"
       FinalizeBuildStatus:
         正在删除文件“Debug\Calculator 3.unsuccessfulbuild”。
         正在对“Debug\Calculator 3.lastbuildstate”执行 Touch 任务。
     1>已完成生成项目“D:\My Projects\Calculator 3\Calculator 3\Calculator 3.vcxproj”(build 个目标)的操作。

生成成功。

已用时间 00:00:04.85
